<?xml version="1.0" encoding="UTF-8"?>
<testsuite xmlns:xsi="http://www.w3.org/2001/XMLSchema-instance" xsi:noNamespaceSchemaLocation="https://maven.apache.org/surefire/maven-surefire-plugin/xsd/surefire-test-report-3.0.xsd" version="3.0" name="com.devops.cicd.PasswordPolicyTest" time="0.041" tests="7" errors="0" skipped="0" failures="0">
  <properties>
[...]
</properties>
  <testcase name="passwordMissingUppercase" classname="com.devops.cicd.PasswordPolicyTest" time="0.019"/>
  <testcase name="passwordTooShort" classname="com.devops.cicd.PasswordPolicyTest" time="0.001"/>
  <testcase name="passwordValid" classname="com.devops.cicd.PasswordPolicyTest" time="0.001"/>
  <testcase name="passwordNull" classname="com.devops.cicd.PasswordPolicyTest" time="0.0"/>
  <testcase name="passwordMissingDigit" classname="com.devops.cicd.PasswordPolicyTest" time="0.001"/>
  <testcase name="passwordMissingSpecialChar" classname="com.devops.cicd.PasswordPolicyTest" time="0.0"/>
  <testcase name="passwordMissingLowercase" classname="com.devops.cicd.PasswordPolicyTest" time="0.0"/>
</testsuite>